{"level":"info","message":"Starting database migration...","timestamp":"2025-07-10 12:50:45:5045"}
{"code":"3D000","file":"postinit.c","length":94,"level":"error","line":"1021","message":"Database connection failed: database \"chat_app\" does not exist","name":"error","routine":"InitPostgres","severity":"FATAL","stack":"error: database \"chat_app\" does not exist\n    at /home/sushanta-bhowmick/Documents/workplace/Project/backend/node_modules/pg-pool/index.js:45:11\n    at processTicksAndRejections (node:internal/process/task_queues:95:5)\n    at async DatabaseConnection.connect (/home/sushanta-bhowmick/Documents/workplace/Project/backend/src/database/connection.ts:63:22)\n    at async runMigration (/home/sushanta-bhowmick/Documents/workplace/Project/backend/src/database/migrate.ts:13:5)","timestamp":"2025-07-10 12:50:46:5046"}
{"level":"info","message":"Middleware setup completed","timestamp":"2025-07-10 13:28:25:2825"}
{"level":"info","message":"Routes setup completed","timestamp":"2025-07-10 13:28:26:2826"}
{"level":"info","message":"Socket.IO setup completed","timestamp":"2025-07-10 13:28:26:2826"}
{"level":"info","message":"Error handling setup completed","timestamp":"2025-07-10 13:28:26:2826"}
{"level":"info","message":"New database client connected","timestamp":"2025-07-10 13:28:26:2826"}
{"level":"info","message":"Database connected successfully","timestamp":"2025-07-10 13:28:26:2826"}
{"level":"info","message":"Database connected successfully","timestamp":"2025-07-10 13:28:26:2826"}
{"level":"info","message":"🚀 Server running on port 3001","timestamp":"2025-07-10 13:28:26:2826"}
{"level":"info","message":"🌍 Environment: development","timestamp":"2025-07-10 13:28:26:2826"}
{"level":"info","message":"📡 Socket.IO server ready","timestamp":"2025-07-10 13:28:26:2826"}
{"level":"info","message":"🔒 CORS enabled for: http://localhost:4200","timestamp":"2025-07-10 13:28:26:2826"}
{"level":"info","message":"🗄️  Database: chat_app on localhost:5432","timestamp":"2025-07-10 13:28:26:2826"}
{"level":"info","message":"📊 DB Connections: 1 total, 1 idle","timestamp":"2025-07-10 13:28:26:2826"}
{"level":"info","message":"SIGTERM received, shutting down gracefully","timestamp":"2025-07-10 13:28:38:2838"}
{"level":"info","message":"Middleware setup completed","timestamp":"2025-07-10 13:32:02:322"}
{"level":"info","message":"Routes setup completed","timestamp":"2025-07-10 13:32:02:322"}
{"level":"info","message":"Socket.IO setup completed","timestamp":"2025-07-10 13:32:02:322"}
{"level":"info","message":"Error handling setup completed","timestamp":"2025-07-10 13:32:02:322"}
{"level":"info","message":"New database client connected","timestamp":"2025-07-10 13:32:02:322"}
{"level":"info","message":"Database connected successfully","timestamp":"2025-07-10 13:32:02:322"}
{"level":"info","message":"Database connected successfully","timestamp":"2025-07-10 13:32:02:322"}
{"level":"info","message":"🚀 Server running on port 3001","timestamp":"2025-07-10 13:32:02:322"}
{"level":"info","message":"🌍 Environment: development","timestamp":"2025-07-10 13:32:02:322"}
{"level":"info","message":"📡 Socket.IO server ready","timestamp":"2025-07-10 13:32:02:322"}
{"level":"info","message":"🔒 CORS enabled for: http://localhost:4200","timestamp":"2025-07-10 13:32:02:322"}
{"level":"info","message":"🗄️  Database: chat_app on localhost:5432","timestamp":"2025-07-10 13:32:02:322"}
{"level":"info","message":"📊 DB Connections: 1 total, 1 idle","timestamp":"2025-07-10 13:32:02:322"}
{"level":"info","message":"User registered successfully: test@example.com","timestamp":"2025-07-10 13:32:41:3241"}
{"level":"info","message":"Middleware setup completed","timestamp":"2025-07-10 14:41:53:4153"}
{"level":"info","message":"Routes setup completed","timestamp":"2025-07-10 14:41:54:4154"}
{"level":"info","message":"Socket.IO setup completed","timestamp":"2025-07-10 14:41:54:4154"}
{"level":"info","message":"Error handling setup completed","timestamp":"2025-07-10 14:41:54:4154"}
{"level":"info","message":"New database client connected","timestamp":"2025-07-10 14:41:54:4154"}
{"level":"info","message":"Database connected successfully","timestamp":"2025-07-10 14:41:54:4154"}
{"level":"info","message":"Database connected successfully","timestamp":"2025-07-10 14:41:54:4154"}
{"level":"info","message":"🚀 Server running on port 3001","timestamp":"2025-07-10 14:41:54:4154"}
{"level":"info","message":"🌍 Environment: development","timestamp":"2025-07-10 14:41:54:4154"}
{"level":"info","message":"📡 Socket.IO server ready","timestamp":"2025-07-10 14:41:54:4154"}
{"level":"info","message":"🔒 CORS enabled for: http://localhost:4200","timestamp":"2025-07-10 14:41:54:4154"}
{"level":"info","message":"🗄️  Database: chat_app on localhost:5432","timestamp":"2025-07-10 14:41:54:4154"}
{"level":"info","message":"📊 DB Connections: 1 total, 1 idle","timestamp":"2025-07-10 14:41:54:4154"}
{"level":"info","message":"New database client connected","timestamp":"2025-07-10 14:44:13:4413"}
{"level":"info","message":"SIGINT received, shutting down gracefully","timestamp":"2025-07-10 14:48:45:4845"}
{"level":"info","message":"Middleware setup completed","timestamp":"2025-07-10 15:01:48:148"}
{"level":"info","message":"Routes setup completed","timestamp":"2025-07-10 15:01:49:149"}
{"level":"info","message":"Socket.IO setup completed","timestamp":"2025-07-10 15:01:49:149"}
{"level":"info","message":"Error handling setup completed","timestamp":"2025-07-10 15:01:49:149"}
{"level":"info","message":"New database client connected","timestamp":"2025-07-10 15:01:49:149"}
{"level":"info","message":"Database connected successfully","timestamp":"2025-07-10 15:01:49:149"}
{"level":"info","message":"Database connected successfully","timestamp":"2025-07-10 15:01:49:149"}
{"level":"info","message":"🚀 Server running on port 3001","timestamp":"2025-07-10 15:01:49:149"}
{"level":"info","message":"🌍 Environment: development","timestamp":"2025-07-10 15:01:49:149"}
{"level":"info","message":"📡 Socket.IO server ready","timestamp":"2025-07-10 15:01:49:149"}
{"level":"info","message":"🔒 CORS enabled for: http://localhost:4200","timestamp":"2025-07-10 15:01:49:149"}
{"level":"info","message":"🗄️  Database: chat_app on localhost:5432","timestamp":"2025-07-10 15:01:49:149"}
{"level":"info","message":"📊 DB Connections: 1 total, 1 idle","timestamp":"2025-07-10 15:01:49:149"}
{"level":"info","message":"SIGINT received, shutting down gracefully","timestamp":"2025-07-10 15:02:45:245"}
{"level":"info","message":"Middleware setup completed","timestamp":"2025-07-10 15:03:35:335"}
{"level":"info","message":"Routes setup completed","timestamp":"2025-07-10 15:03:36:336"}
{"level":"info","message":"Socket.IO setup completed","timestamp":"2025-07-10 15:03:36:336"}
{"level":"info","message":"Error handling setup completed","timestamp":"2025-07-10 15:03:36:336"}
{"level":"info","message":"New database client connected","timestamp":"2025-07-10 15:03:36:336"}
{"level":"info","message":"Database connected successfully","timestamp":"2025-07-10 15:03:36:336"}
{"level":"info","message":"Database connected successfully","timestamp":"2025-07-10 15:03:36:336"}
{"level":"info","message":"🚀 Server running on port 3001","timestamp":"2025-07-10 15:03:36:336"}
{"level":"info","message":"🌍 Environment: development","timestamp":"2025-07-10 15:03:36:336"}
{"level":"info","message":"📡 Socket.IO server ready","timestamp":"2025-07-10 15:03:36:336"}
{"level":"info","message":"🔒 CORS enabled for: http://localhost:4200","timestamp":"2025-07-10 15:03:36:336"}
{"level":"info","message":"🗄️  Database: chat_app on localhost:5432","timestamp":"2025-07-10 15:03:36:336"}
{"level":"info","message":"📊 DB Connections: 1 total, 1 idle","timestamp":"2025-07-10 15:03:36:336"}
{"level":"info","message":"New database client connected","timestamp":"2025-07-10 15:09:44:944"}
{"level":"info","message":"New database client connected","timestamp":"2025-07-10 15:10:43:1043"}
{"level":"info","message":"User registered successfully: demo@example.com","timestamp":"2025-07-10 15:10:57:1057"}
{"level":"info","message":"User logged in successfully: demo@example.com","timestamp":"2025-07-10 15:11:11:1111"}
{"level":"info","message":"New database client connected","timestamp":"2025-07-10 15:24:20:2420"}
{"level":"info","message":"New database client connected","timestamp":"2025-07-10 15:25:45:2545"}
{"level":"info","message":"New database client connected","timestamp":"2025-07-10 15:26:21:2621"}
{"level":"info","message":"User connected: fa79sJKojipbGyMWAAAB","timestamp":"2025-07-10 15:27:08:278"}
{"level":"error","message":"Authentication error: invalid signature","name":"JsonWebTokenError","stack":"JsonWebTokenError: invalid signature\n    at /home/sushanta-bhowmick/Documents/workplace/Project/backend/node_modules/jsonwebtoken/verify.js:171:19\n    at getSecret (/home/sushanta-bhowmick/Documents/workplace/Project/backend/node_modules/jsonwebtoken/verify.js:97:14)\n    at Object.module.exports [as verify] (/home/sushanta-bhowmick/Documents/workplace/Project/backend/node_modules/jsonwebtoken/verify.js:101:10)\n    at authenticateToken (/home/sushanta-bhowmick/Documents/workplace/Project/backend/src/middleware/auth.ts:55:25)\n    at Layer.handle [as handle_request] (/home/sushanta-bhowmick/Documents/workplace/Project/backend/node_modules/express/lib/router/layer.js:95:5)\n    at trim_prefix (/home/sushanta-bhowmick/Documents/workplace/Project/backend/node_modules/express/lib/router/index.js:328:13)\n    at /home/sushanta-bhowmick/Documents/workplace/Project/backend/node_modules/express/lib/router/index.js:286:9\n    at Function.process_params (/home/sushanta-bhowmick/Documents/workplace/Project/backend/node_modules/express/lib/router/index.js:346:12)\n    at next (/home/sushanta-bhowmick/Documents/workplace/Project/backend/node_modules/express/lib/router/index.js:280:10)\n    at Function.handle (/home/sushanta-bhowmick/Documents/workplace/Project/backend/node_modules/express/lib/router/index.js:175:3)","timestamp":"2025-07-10 15:27:08:278"}
{"level":"error","message":"Authentication error: invalid signature","name":"JsonWebTokenError","stack":"JsonWebTokenError: invalid signature\n    at /home/sushanta-bhowmick/Documents/workplace/Project/backend/node_modules/jsonwebtoken/verify.js:171:19\n    at getSecret (/home/sushanta-bhowmick/Documents/workplace/Project/backend/node_modules/jsonwebtoken/verify.js:97:14)\n    at Object.module.exports [as verify] (/home/sushanta-bhowmick/Documents/workplace/Project/backend/node_modules/jsonwebtoken/verify.js:101:10)\n    at authenticateToken (/home/sushanta-bhowmick/Documents/workplace/Project/backend/src/middleware/auth.ts:55:25)\n    at Layer.handle [as handle_request] (/home/sushanta-bhowmick/Documents/workplace/Project/backend/node_modules/express/lib/router/layer.js:95:5)\n    at trim_prefix (/home/sushanta-bhowmick/Documents/workplace/Project/backend/node_modules/express/lib/router/index.js:328:13)\n    at /home/sushanta-bhowmick/Documents/workplace/Project/backend/node_modules/express/lib/router/index.js:286:9\n    at Function.process_params (/home/sushanta-bhowmick/Documents/workplace/Project/backend/node_modules/express/lib/router/index.js:346:12)\n    at next (/home/sushanta-bhowmick/Documents/workplace/Project/backend/node_modules/express/lib/router/index.js:280:10)\n    at Function.handle (/home/sushanta-bhowmick/Documents/workplace/Project/backend/node_modules/express/lib/router/index.js:175:3)","timestamp":"2025-07-10 15:27:08:278"}
{"level":"info","message":"User disconnected: fa79sJKojipbGyMWAAAB - Reason: transport close","timestamp":"2025-07-10 15:27:12:2712"}
{"level":"info","message":"User connected: vBmEPGUbvNB2A1snAAAD","timestamp":"2025-07-10 15:27:13:2713"}
{"level":"error","message":"Authentication error: invalid signature","name":"JsonWebTokenError","stack":"JsonWebTokenError: invalid signature\n    at /home/sushanta-bhowmick/Documents/workplace/Project/backend/node_modules/jsonwebtoken/verify.js:171:19\n    at getSecret (/home/sushanta-bhowmick/Documents/workplace/Project/backend/node_modules/jsonwebtoken/verify.js:97:14)\n    at Object.module.exports [as verify] (/home/sushanta-bhowmick/Documents/workplace/Project/backend/node_modules/jsonwebtoken/verify.js:101:10)\n    at authenticateToken (/home/sushanta-bhowmick/Documents/workplace/Project/backend/src/middleware/auth.ts:55:25)\n    at Layer.handle [as handle_request] (/home/sushanta-bhowmick/Documents/workplace/Project/backend/node_modules/express/lib/router/layer.js:95:5)\n    at trim_prefix (/home/sushanta-bhowmick/Documents/workplace/Project/backend/node_modules/express/lib/router/index.js:328:13)\n    at /home/sushanta-bhowmick/Documents/workplace/Project/backend/node_modules/express/lib/router/index.js:286:9\n    at Function.process_params (/home/sushanta-bhowmick/Documents/workplace/Project/backend/node_modules/express/lib/router/index.js:346:12)\n    at next (/home/sushanta-bhowmick/Documents/workplace/Project/backend/node_modules/express/lib/router/index.js:280:10)\n    at Function.handle (/home/sushanta-bhowmick/Documents/workplace/Project/backend/node_modules/express/lib/router/index.js:175:3)","timestamp":"2025-07-10 15:27:13:2713"}
{"level":"error","message":"Authentication error: invalid signature","name":"JsonWebTokenError","stack":"JsonWebTokenError: invalid signature\n    at /home/sushanta-bhowmick/Documents/workplace/Project/backend/node_modules/jsonwebtoken/verify.js:171:19\n    at getSecret (/home/sushanta-bhowmick/Documents/workplace/Project/backend/node_modules/jsonwebtoken/verify.js:97:14)\n    at Object.module.exports [as verify] (/home/sushanta-bhowmick/Documents/workplace/Project/backend/node_modules/jsonwebtoken/verify.js:101:10)\n    at authenticateToken (/home/sushanta-bhowmick/Documents/workplace/Project/backend/src/middleware/auth.ts:55:25)\n    at Layer.handle [as handle_request] (/home/sushanta-bhowmick/Documents/workplace/Project/backend/node_modules/express/lib/router/layer.js:95:5)\n    at trim_prefix (/home/sushanta-bhowmick/Documents/workplace/Project/backend/node_modules/express/lib/router/index.js:328:13)\n    at /home/sushanta-bhowmick/Documents/workplace/Project/backend/node_modules/express/lib/router/index.js:286:9\n    at Function.process_params (/home/sushanta-bhowmick/Documents/workplace/Project/backend/node_modules/express/lib/router/index.js:346:12)\n    at next (/home/sushanta-bhowmick/Documents/workplace/Project/backend/node_modules/express/lib/router/index.js:280:10)\n    at Function.handle (/home/sushanta-bhowmick/Documents/workplace/Project/backend/node_modules/express/lib/router/index.js:175:3)","timestamp":"2025-07-10 15:27:13:2713"}
{"level":"info","message":"User disconnected: vBmEPGUbvNB2A1snAAAD - Reason: transport close","timestamp":"2025-07-10 15:27:15:2715"}
{"level":"info","message":"User connected: w9HAmjC_mfQ3scvcAAAF","timestamp":"2025-07-10 15:27:15:2715"}
{"level":"error","message":"Authentication error: invalid signature","name":"JsonWebTokenError","stack":"JsonWebTokenError: invalid signature\n    at /home/sushanta-bhowmick/Documents/workplace/Project/backend/node_modules/jsonwebtoken/verify.js:171:19\n    at getSecret (/home/sushanta-bhowmick/Documents/workplace/Project/backend/node_modules/jsonwebtoken/verify.js:97:14)\n    at Object.module.exports [as verify] (/home/sushanta-bhowmick/Documents/workplace/Project/backend/node_modules/jsonwebtoken/verify.js:101:10)\n    at authenticateToken (/home/sushanta-bhowmick/Documents/workplace/Project/backend/src/middleware/auth.ts:55:25)\n    at Layer.handle [as handle_request] (/home/sushanta-bhowmick/Documents/workplace/Project/backend/node_modules/express/lib/router/layer.js:95:5)\n    at trim_prefix (/home/sushanta-bhowmick/Documents/workplace/Project/backend/node_modules/express/lib/router/index.js:328:13)\n    at /home/sushanta-bhowmick/Documents/workplace/Project/backend/node_modules/express/lib/router/index.js:286:9\n    at Function.process_params (/home/sushanta-bhowmick/Documents/workplace/Project/backend/node_modules/express/lib/router/index.js:346:12)\n    at next (/home/sushanta-bhowmick/Documents/workplace/Project/backend/node_modules/express/lib/router/index.js:280:10)\n    at Function.handle (/home/sushanta-bhowmick/Documents/workplace/Project/backend/node_modules/express/lib/router/index.js:175:3)","timestamp":"2025-07-10 15:27:15:2715"}
{"level":"error","message":"Authentication error: invalid signature","name":"JsonWebTokenError","stack":"JsonWebTokenError: invalid signature\n    at /home/sushanta-bhowmick/Documents/workplace/Project/backend/node_modules/jsonwebtoken/verify.js:171:19\n    at getSecret (/home/sushanta-bhowmick/Documents/workplace/Project/backend/node_modules/jsonwebtoken/verify.js:97:14)\n    at Object.module.exports [as verify] (/home/sushanta-bhowmick/Documents/workplace/Project/backend/node_modules/jsonwebtoken/verify.js:101:10)\n    at authenticateToken (/home/sushanta-bhowmick/Documents/workplace/Project/backend/src/middleware/auth.ts:55:25)\n    at Layer.handle [as handle_request] (/home/sushanta-bhowmick/Documents/workplace/Project/backend/node_modules/express/lib/router/layer.js:95:5)\n    at trim_prefix (/home/sushanta-bhowmick/Documents/workplace/Project/backend/node_modules/express/lib/router/index.js:328:13)\n    at /home/sushanta-bhowmick/Documents/workplace/Project/backend/node_modules/express/lib/router/index.js:286:9\n    at Function.process_params (/home/sushanta-bhowmick/Documents/workplace/Project/backend/node_modules/express/lib/router/index.js:346:12)\n    at next (/home/sushanta-bhowmick/Documents/workplace/Project/backend/node_modules/express/lib/router/index.js:280:10)\n    at Function.handle (/home/sushanta-bhowmick/Documents/workplace/Project/backend/node_modules/express/lib/router/index.js:175:3)","timestamp":"2025-07-10 15:27:15:2715"}
{"level":"info","message":"User disconnected: w9HAmjC_mfQ3scvcAAAF - Reason: client namespace disconnect","timestamp":"2025-07-10 15:27:19:2719"}
{"level":"info","message":"New database client connected","timestamp":"2025-07-10 15:27:37:2737"}
{"level":"info","message":"New database client connected","timestamp":"2025-07-10 15:31:10:3110"}
{"level":"info","message":"User logged in successfully: demo@example.com","timestamp":"2025-07-10 15:31:11:3111"}
{"level":"info","message":"User connected: XsALJmo_epuZ_bGgAAAH","timestamp":"2025-07-10 15:31:11:3111"}
{"level":"info","message":"New database client connected","timestamp":"2025-07-10 15:32:21:3221"}
{"level":"info","message":"New database client connected","timestamp":"2025-07-10 15:33:37:3337"}
{"level":"info","message":"User disconnected: XsALJmo_epuZ_bGgAAAH - Reason: transport close","timestamp":"2025-07-10 15:36:25:3625"}
{"level":"info","message":"User connected: pSVIbtbWxpZVMnGqAAAJ","timestamp":"2025-07-10 15:36:36:3636"}
{"level":"info","message":"New database client connected","timestamp":"2025-07-10 15:36:36:3636"}
{"level":"info","message":"User disconnected: pSVIbtbWxpZVMnGqAAAJ - Reason: transport close","timestamp":"2025-07-10 15:36:47:3647"}
{"level":"info","message":"User connected: kHm1FXOesRtXyAJdAAAL","timestamp":"2025-07-10 15:36:47:3647"}
{"level":"info","message":"New database client connected","timestamp":"2025-07-10 15:37:43:3743"}
{"level":"info","message":"User registered successfully: demo2@yopmail.com","timestamp":"2025-07-10 15:37:43:3743"}
{"level":"info","message":"User connected: 1898KXtGEe8vRQEtAAAN","timestamp":"2025-07-10 15:37:43:3743"}
{"level":"info","message":"New database client connected","timestamp":"2025-07-10 15:37:43:3743"}
{"level":"info","message":"New database client connected","timestamp":"2025-07-10 15:39:07:397"}
{"level":"info","message":"SIGTERM received, shutting down gracefully","timestamp":"2025-07-10 15:52:37:5237"}
{"level":"info","message":"Middleware setup completed","timestamp":"2025-07-10 15:52:38:5238"}
{"level":"info","message":"Routes setup completed","timestamp":"2025-07-10 15:52:38:5238"}
{"level":"info","message":"Socket.IO setup completed","timestamp":"2025-07-10 15:52:38:5238"}
{"level":"info","message":"Error handling setup completed","timestamp":"2025-07-10 15:52:38:5238"}
{"level":"info","message":"New database client connected","timestamp":"2025-07-10 15:52:39:5239"}
{"level":"info","message":"Database connected successfully","timestamp":"2025-07-10 15:52:39:5239"}
{"level":"info","message":"Database connected successfully","timestamp":"2025-07-10 15:52:39:5239"}
{"level":"info","message":"🚀 Server running on port 3001","timestamp":"2025-07-10 15:52:39:5239"}
{"level":"info","message":"🌍 Environment: development","timestamp":"2025-07-10 15:52:39:5239"}
{"level":"info","message":"📡 Socket.IO server ready","timestamp":"2025-07-10 15:52:39:5239"}
{"level":"info","message":"🔒 CORS enabled for: http://localhost:4200","timestamp":"2025-07-10 15:52:39:5239"}
{"level":"info","message":"🗄️  Database: chat_app on localhost:5432","timestamp":"2025-07-10 15:52:39:5239"}
{"level":"info","message":"📊 DB Connections: 1 total, 1 idle","timestamp":"2025-07-10 15:52:39:5239"}
{"level":"info","message":"Socket authenticated for user: demo@example.com","timestamp":"2025-07-10 15:52:40:5240"}
{"level":"info","message":"User connected: uFOUq3EU2wY_vvqtAAAB","timestamp":"2025-07-10 15:52:40:5240"}
{"level":"info","message":"New database client connected","timestamp":"2025-07-10 15:52:40:5240"}
{"level":"info","message":"Socket authenticated for user: demo2@yopmail.com","timestamp":"2025-07-10 15:52:41:5241"}
{"level":"info","message":"User connected: tnTLTBVRF9eodf6nAAAD","timestamp":"2025-07-10 15:52:41:5241"}
{"level":"info","message":"SIGTERM received, shutting down gracefully","timestamp":"2025-07-10 15:52:59:5259"}
{"level":"info","message":"Middleware setup completed","timestamp":"2025-07-10 15:53:00:530"}
{"level":"info","message":"Routes setup completed","timestamp":"2025-07-10 15:53:00:530"}
{"level":"info","message":"Socket.IO setup completed","timestamp":"2025-07-10 15:53:00:530"}
{"level":"info","message":"Error handling setup completed","timestamp":"2025-07-10 15:53:00:530"}
{"level":"info","message":"New database client connected","timestamp":"2025-07-10 15:53:00:530"}
{"level":"info","message":"Database connected successfully","timestamp":"2025-07-10 15:53:00:530"}
{"level":"info","message":"Database connected successfully","timestamp":"2025-07-10 15:53:00:530"}
{"level":"info","message":"🚀 Server running on port 3001","timestamp":"2025-07-10 15:53:00:530"}
{"level":"info","message":"🌍 Environment: development","timestamp":"2025-07-10 15:53:00:530"}
{"level":"info","message":"📡 Socket.IO server ready","timestamp":"2025-07-10 15:53:00:530"}
{"level":"info","message":"🔒 CORS enabled for: http://localhost:4200","timestamp":"2025-07-10 15:53:00:530"}
{"level":"info","message":"🗄️  Database: chat_app on localhost:5432","timestamp":"2025-07-10 15:53:00:530"}
{"level":"info","message":"📊 DB Connections: 1 total, 1 idle","timestamp":"2025-07-10 15:53:00:530"}
{"level":"info","message":"Socket authenticated for user: demo2@yopmail.com","timestamp":"2025-07-10 15:53:00:530"}
{"level":"info","message":"User connected: I4W453Pn427a1zJaAAAB","timestamp":"2025-07-10 15:53:00:530"}
{"level":"info","message":"Socket authenticated for user: demo@example.com","timestamp":"2025-07-10 15:53:00:530"}
{"level":"info","message":"User connected: UlcY3locXE15sPnsAAAD","timestamp":"2025-07-10 15:53:00:530"}
{"level":"info","message":"New database client connected","timestamp":"2025-07-10 15:53:00:530"}
{"level":"info","message":"SIGTERM received, shutting down gracefully","timestamp":"2025-07-10 15:54:47:5447"}
{"level":"info","message":"Middleware setup completed","timestamp":"2025-07-10 15:54:50:5450"}
{"level":"info","message":"Routes setup completed","timestamp":"2025-07-10 15:54:50:5450"}
{"level":"info","message":"Socket.IO setup completed","timestamp":"2025-07-10 15:54:50:5450"}
{"level":"info","message":"Error handling setup completed","timestamp":"2025-07-10 15:54:50:5450"}
{"level":"info","message":"New database client connected","timestamp":"2025-07-10 15:54:50:5450"}
{"level":"info","message":"Database connected successfully","timestamp":"2025-07-10 15:54:50:5450"}
{"level":"info","message":"Database connected successfully","timestamp":"2025-07-10 15:54:50:5450"}
{"level":"info","message":"🚀 Server running on port 3001","timestamp":"2025-07-10 15:54:50:5450"}
{"level":"info","message":"🌍 Environment: development","timestamp":"2025-07-10 15:54:50:5450"}
{"level":"info","message":"📡 Socket.IO server ready","timestamp":"2025-07-10 15:54:50:5450"}
{"level":"info","message":"🔒 CORS enabled for: http://localhost:4200","timestamp":"2025-07-10 15:54:50:5450"}
{"level":"info","message":"🗄️  Database: chat_app on localhost:5432","timestamp":"2025-07-10 15:54:50:5450"}
{"level":"info","message":"📊 DB Connections: 1 total, 1 idle","timestamp":"2025-07-10 15:54:50:5450"}
{"level":"info","message":"Socket authenticated for user: demo2@yopmail.com","timestamp":"2025-07-10 15:54:51:5451"}
{"level":"info","message":"User connected: hqITGlLsrT8RUr3kAAAB","timestamp":"2025-07-10 15:54:51:5451"}
{"level":"info","message":"New database client connected","timestamp":"2025-07-10 15:54:51:5451"}
{"level":"info","message":"Socket authenticated for user: demo@example.com","timestamp":"2025-07-10 15:54:52:5452"}
{"level":"info","message":"User connected: w-iadhdq6r5wF5hiAAAD","timestamp":"2025-07-10 15:54:52:5452"}
{"level":"info","message":"SIGINT received, shutting down gracefully","timestamp":"2025-07-10 15:55:41:5541"}
{"level":"info","message":"Middleware setup completed","timestamp":"2025-07-10 15:58:43:5843"}
{"level":"info","message":"Routes setup completed","timestamp":"2025-07-10 15:58:44:5844"}
{"level":"info","message":"Socket.IO setup completed","timestamp":"2025-07-10 15:58:44:5844"}
{"level":"info","message":"Error handling setup completed","timestamp":"2025-07-10 15:58:44:5844"}
{"level":"info","message":"New database client connected","timestamp":"2025-07-10 15:58:44:5844"}
{"level":"info","message":"Database connected successfully","timestamp":"2025-07-10 15:58:44:5844"}
{"level":"info","message":"Database connected successfully","timestamp":"2025-07-10 15:58:44:5844"}
{"level":"info","message":"🚀 Server running on port 3001","timestamp":"2025-07-10 15:58:44:5844"}
{"level":"info","message":"🌍 Environment: development","timestamp":"2025-07-10 15:58:44:5844"}
{"level":"info","message":"📡 Socket.IO server ready","timestamp":"2025-07-10 15:58:44:5844"}
{"level":"info","message":"🔒 CORS enabled for: http://localhost:4200","timestamp":"2025-07-10 15:58:44:5844"}
{"level":"info","message":"🗄️  Database: chat_app on localhost:5432","timestamp":"2025-07-10 15:58:44:5844"}
{"level":"info","message":"📊 DB Connections: 1 total, 1 idle","timestamp":"2025-07-10 15:58:44:5844"}
{"level":"info","message":"Socket authenticated for user: demo2@yopmail.com","timestamp":"2025-07-10 15:58:44:5844"}
{"level":"info","message":"User connected: OB5ntSMKfU6vIz56AAAB","timestamp":"2025-07-10 15:58:44:5844"}
{"level":"info","message":"Socket authenticated for user: demo@example.com","timestamp":"2025-07-10 15:58:44:5844"}
{"level":"info","message":"Middleware setup completed","timestamp":"2025-07-10 15:58:56:5856"}
{"level":"info","message":"Routes setup completed","timestamp":"2025-07-10 15:58:56:5856"}
{"level":"info","message":"Socket.IO setup completed","timestamp":"2025-07-10 15:58:56:5856"}
{"level":"info","message":"Error handling setup completed","timestamp":"2025-07-10 15:58:56:5856"}
{"level":"info","message":"New database client connected","timestamp":"2025-07-10 15:58:56:5856"}
{"level":"info","message":"Database connected successfully","timestamp":"2025-07-10 15:58:56:5856"}
{"level":"info","message":"Database connected successfully","timestamp":"2025-07-10 15:58:56:5856"}
{"level":"info","message":"🚀 Server running on port 3001","timestamp":"2025-07-10 15:58:56:5856"}
{"level":"info","message":"🌍 Environment: development","timestamp":"2025-07-10 15:58:56:5856"}
{"level":"info","message":"📡 Socket.IO server ready","timestamp":"2025-07-10 15:58:56:5856"}
{"level":"info","message":"🔒 CORS enabled for: http://localhost:4200","timestamp":"2025-07-10 15:58:56:5856"}
{"level":"info","message":"🗄️  Database: chat_app on localhost:5432","timestamp":"2025-07-10 15:58:56:5856"}
{"level":"info","message":"📊 DB Connections: 1 total, 1 idle","timestamp":"2025-07-10 15:58:56:5856"}
{"level":"info","message":"Socket authenticated for user: demo@example.com","timestamp":"2025-07-10 15:58:57:5857"}
{"level":"info","message":"User connected: 57_ZaTYyRp8MA8nBAAAB","timestamp":"2025-07-10 15:58:57:5857"}
{"level":"info","message":"SIGINT received, shutting down gracefully","timestamp":"2025-07-10 15:58:58:5858"}
{"level":"info","message":"Shutting down server...","timestamp":"2025-07-10 15:58:58:5858"}
{"level":"info","message":"User disconnected: 57_ZaTYyRp8MA8nBAAAB - Reason: server shutting down","timestamp":"2025-07-10 15:58:58:5858"}
{"level":"info","message":"New database client connected","timestamp":"2025-07-10 15:58:58:5858"}
{"level":"info","message":"Database disconnected successfully","timestamp":"2025-07-10 15:58:58:5858"}
{"level":"info","message":"Middleware setup completed","timestamp":"2025-07-10 15:59:36:5936"}
{"level":"info","message":"Routes setup completed","timestamp":"2025-07-10 15:59:36:5936"}
{"level":"info","message":"Socket.IO setup completed","timestamp":"2025-07-10 15:59:36:5936"}
{"level":"info","message":"Error handling setup completed","timestamp":"2025-07-10 15:59:36:5936"}
{"level":"info","message":"New database client connected","timestamp":"2025-07-10 15:59:36:5936"}
{"level":"info","message":"Database connected successfully","timestamp":"2025-07-10 15:59:36:5936"}
{"level":"info","message":"Database connected successfully","timestamp":"2025-07-10 15:59:36:5936"}
{"level":"info","message":"🚀 Server running on port 3001","timestamp":"2025-07-10 15:59:36:5936"}
{"level":"info","message":"🌍 Environment: development","timestamp":"2025-07-10 15:59:36:5936"}
{"level":"info","message":"📡 Socket.IO server ready","timestamp":"2025-07-10 15:59:36:5936"}
{"level":"info","message":"🔒 CORS enabled for: http://localhost:4200","timestamp":"2025-07-10 15:59:36:5936"}
{"level":"info","message":"🗄️  Database: chat_app on localhost:5432","timestamp":"2025-07-10 15:59:36:5936"}
{"level":"info","message":"📊 DB Connections: 1 total, 1 idle","timestamp":"2025-07-10 15:59:36:5936"}
{"level":"info","message":"Socket authenticated for user: demo@example.com","timestamp":"2025-07-10 15:59:41:5941"}
{"level":"info","message":"User connected: u_5erHfwv6esx1FEAAAB","timestamp":"2025-07-10 15:59:41:5941"}
{"level":"info","message":"New database client connected","timestamp":"2025-07-10 15:59:41:5941"}
{"level":"info","message":"Socket authenticated for user: demo2@yopmail.com","timestamp":"2025-07-10 15:59:43:5943"}
{"level":"info","message":"User connected: UrcsRWJU2hXRtyFFAAAD","timestamp":"2025-07-10 15:59:43:5943"}
{"level":"info","message":"SIGTERM received, shutting down gracefully","timestamp":"2025-07-10 16:02:35:235"}
{"level":"info","message":"Middleware setup completed","timestamp":"2025-07-10 16:02:37:237"}
{"level":"info","message":"Routes setup completed","timestamp":"2025-07-10 16:02:38:238"}
{"level":"info","message":"Socket.IO setup completed","timestamp":"2025-07-10 16:02:38:238"}
{"level":"info","message":"Error handling setup completed","timestamp":"2025-07-10 16:02:38:238"}
{"level":"info","message":"New database client connected","timestamp":"2025-07-10 16:02:38:238"}
{"level":"info","message":"Database connected successfully","timestamp":"2025-07-10 16:02:38:238"}
{"level":"info","message":"Database connected successfully","timestamp":"2025-07-10 16:02:38:238"}
{"level":"info","message":"🚀 Server running on port 3001","timestamp":"2025-07-10 16:02:38:238"}
{"level":"info","message":"🌍 Environment: development","timestamp":"2025-07-10 16:02:38:238"}
{"level":"info","message":"📡 Socket.IO server ready","timestamp":"2025-07-10 16:02:38:238"}
{"level":"info","message":"🔒 CORS enabled for: http://localhost:4200","timestamp":"2025-07-10 16:02:38:238"}
{"level":"info","message":"🗄️  Database: chat_app on localhost:5432","timestamp":"2025-07-10 16:02:38:238"}
{"level":"info","message":"📊 DB Connections: 1 total, 1 idle","timestamp":"2025-07-10 16:02:38:238"}
{"level":"info","message":"Socket authenticated for user: demo2@yopmail.com","timestamp":"2025-07-10 16:02:38:238"}
{"level":"info","message":"User connected: qVlhR4MKjZTmS4IKAAAB","timestamp":"2025-07-10 16:02:38:238"}
{"level":"info","message":"New database client connected","timestamp":"2025-07-10 16:02:38:238"}
{"level":"info","message":"Socket authenticated for user: demo@example.com","timestamp":"2025-07-10 16:02:38:238"}
{"level":"info","message":"User connected: AH_GhiwE8VzBYD9uAAAD","timestamp":"2025-07-10 16:02:38:238"}
{"level":"info","message":"User disconnected: qVlhR4MKjZTmS4IKAAAB - Reason: transport close","timestamp":"2025-07-10 16:06:19:619"}
{"level":"info","message":"Socket authenticated for user: demo2@yopmail.com","timestamp":"2025-07-10 16:06:19:619"}
{"level":"info","message":"User connected: Nvet2s9kqN27zEPSAAAF","timestamp":"2025-07-10 16:06:19:619"}
{"level":"info","message":"New database client connected","timestamp":"2025-07-10 16:06:19:619"}
{"level":"info","message":"New database client connected","timestamp":"2025-07-10 16:06:19:619"}
{"level":"info","message":"User logged in successfully: demo@example.com","timestamp":"2025-07-10 16:06:31:631"}
{"level":"info","message":"New database client connected","timestamp":"2025-07-10 16:08:37:837"}
{"level":"info","message":"User disconnected: AH_GhiwE8VzBYD9uAAAD - Reason: transport close","timestamp":"2025-07-10 16:11:48:1148"}
{"level":"info","message":"Middleware setup completed","timestamp":"2025-07-10 16:24:40:2440"}
{"level":"info","message":"Routes setup completed","timestamp":"2025-07-10 16:24:40:2440"}
{"level":"info","message":"Socket.IO setup completed","timestamp":"2025-07-10 16:24:40:2440"}
{"level":"info","message":"Error handling setup completed","timestamp":"2025-07-10 16:24:40:2440"}
{"level":"info","message":"New database client connected","timestamp":"2025-07-10 16:24:40:2440"}
{"level":"info","message":"Database connected successfully","timestamp":"2025-07-10 16:24:40:2440"}
{"level":"info","message":"Database connected successfully","timestamp":"2025-07-10 16:24:40:2440"}
{"level":"info","message":"🚀 Server running on port 3001","timestamp":"2025-07-10 16:24:40:2440"}
{"level":"info","message":"🌍 Environment: development","timestamp":"2025-07-10 16:24:40:2440"}
{"level":"info","message":"📡 Socket.IO server ready","timestamp":"2025-07-10 16:24:40:2440"}
{"level":"info","message":"🔒 CORS enabled for: http://localhost:4200","timestamp":"2025-07-10 16:24:40:2440"}
{"level":"info","message":"🗄️  Database: chat_app on localhost:5432","timestamp":"2025-07-10 16:24:40:2440"}
{"level":"info","message":"📊 DB Connections: 1 total, 1 idle","timestamp":"2025-07-10 16:24:40:2440"}
{"level":"info","message":"Socket authenticated for user: demo2@yopmail.com","timestamp":"2025-07-10 16:24:42:2442"}
{"level":"info","message":"User connected: n3CrX6ZxFE3mNUIYAAAB","timestamp":"2025-07-10 16:24:42:2442"}
{"level":"info","message":"New database client connected","timestamp":"2025-07-10 16:24:42:2442"}
{"level":"info","message":"User disconnected: n3CrX6ZxFE3mNUIYAAAB - Reason: transport close","timestamp":"2025-07-10 16:28:12:2812"}
{"level":"info","message":"Socket authenticated for user: demo2@yopmail.com","timestamp":"2025-07-10 16:28:13:2813"}
{"level":"info","message":"User connected: 2Ec2NIbhWM6zZL0eAAAD","timestamp":"2025-07-10 16:28:13:2813"}
{"level":"info","message":"New database client connected","timestamp":"2025-07-10 16:28:13:2813"}
{"level":"info","message":"New database client connected","timestamp":"2025-07-10 16:28:13:2813"}
{"level":"info","message":"Socket authenticated for user: demo@example.com","timestamp":"2025-07-10 16:28:20:2820"}
{"level":"info","message":"User connected: agwVcdvLhTOpusSjAAAF","timestamp":"2025-07-10 16:28:20:2820"}
{"level":"info","message":"User disconnected: 2Ec2NIbhWM6zZL0eAAAD - Reason: transport close","timestamp":"2025-07-10 16:28:48:2848"}
{"level":"info","message":"Socket authenticated for user: demo2@yopmail.com","timestamp":"2025-07-10 16:28:48:2848"}
{"level":"info","message":"User connected: CDnymEN_lTbX3b2CAAAH","timestamp":"2025-07-10 16:28:48:2848"}
{"level":"info","message":"User disconnected: CDnymEN_lTbX3b2CAAAH - Reason: transport close","timestamp":"2025-07-10 17:01:48:148"}
{"level":"info","message":"Socket authenticated for user: demo2@yopmail.com","timestamp":"2025-07-10 17:01:48:148"}
{"level":"info","message":"User connected: wb-lhTUfvWrzKif0AAAJ","timestamp":"2025-07-10 17:01:48:148"}
{"level":"info","message":"New database client connected","timestamp":"2025-07-10 17:01:48:148"}
{"level":"info","message":"New database client connected","timestamp":"2025-07-10 17:01:48:148"}
{"level":"info","message":"User disconnected: wb-lhTUfvWrzKif0AAAJ - Reason: transport close","timestamp":"2025-07-10 17:01:52:152"}
{"level":"info","message":"Socket authenticated for user: demo2@yopmail.com","timestamp":"2025-07-10 17:01:52:152"}
{"level":"info","message":"User connected: dH8GYFQQnBNxZpkQAAAL","timestamp":"2025-07-10 17:01:52:152"}
{"level":"info","message":"User logged out: demo2@yopmail.com","timestamp":"2025-07-10 17:02:14:214"}
{"level":"info","message":"User disconnected: dH8GYFQQnBNxZpkQAAAL - Reason: client namespace disconnect","timestamp":"2025-07-10 17:02:14:214"}
{"level":"info","message":"SIGINT received, shutting down gracefully","timestamp":"2025-07-10 17:14:20:1420"}
{"level":"info","message":"Middleware setup completed","timestamp":"2025-07-10 17:14:29:1429"}
{"level":"info","message":"Routes setup completed","timestamp":"2025-07-10 17:14:30:1430"}
{"level":"info","message":"Socket.IO setup completed","timestamp":"2025-07-10 17:14:30:1430"}
{"level":"info","message":"Error handling setup completed","timestamp":"2025-07-10 17:14:30:1430"}
{"level":"info","message":"New database client connected","timestamp":"2025-07-10 17:14:30:1430"}
{"level":"info","message":"Database connected successfully","timestamp":"2025-07-10 17:14:30:1430"}
{"level":"info","message":"Database connected successfully","timestamp":"2025-07-10 17:14:30:1430"}
{"level":"info","message":"🚀 Server running on port 3001","timestamp":"2025-07-10 17:14:30:1430"}
{"level":"info","message":"🌍 Environment: development","timestamp":"2025-07-10 17:14:30:1430"}
{"level":"info","message":"📡 Socket.IO server ready","timestamp":"2025-07-10 17:14:30:1430"}
{"level":"info","message":"🔒 CORS enabled for: http://localhost:4200","timestamp":"2025-07-10 17:14:30:1430"}
{"level":"info","message":"🗄️  Database: chat_app on localhost:5432","timestamp":"2025-07-10 17:14:30:1430"}
{"level":"info","message":"📊 DB Connections: 1 total, 1 idle","timestamp":"2025-07-10 17:14:30:1430"}
{"level":"info","message":"Socket authenticated for user: demo@example.com","timestamp":"2025-07-10 17:14:30:1430"}
{"level":"info","message":"User connected: iDfYqK6gLC54cEPzAAAB","timestamp":"2025-07-10 17:14:30:1430"}
{"level":"info","message":"New database client connected","timestamp":"2025-07-10 17:14:30:1430"}
{"level":"info","message":"User disconnected: iDfYqK6gLC54cEPzAAAB - Reason: transport close","timestamp":"2025-07-10 17:27:13:2713"}
{"level":"info","message":"Socket authenticated for user: demo@example.com","timestamp":"2025-07-10 17:27:14:2714"}
{"level":"info","message":"User connected: Ls44_zP4JKu3hhJXAAAD","timestamp":"2025-07-10 17:27:14:2714"}
{"level":"info","message":"User disconnected: Ls44_zP4JKu3hhJXAAAD - Reason: transport close","timestamp":"2025-07-10 17:28:24:2824"}
{"level":"info","message":"Socket authenticated for user: demo@example.com","timestamp":"2025-07-10 17:28:24:2824"}
{"level":"info","message":"User connected: fQOKxjbR5WGUoTVeAAAF","timestamp":"2025-07-10 17:28:24:2824"}
{"level":"info","message":"New database client connected","timestamp":"2025-07-10 17:28:40:2840"}
{"level":"info","message":"User logged out: demo@example.com","timestamp":"2025-07-10 17:28:40:2840"}
{"level":"info","message":"User disconnected: fQOKxjbR5WGUoTVeAAAF - Reason: transport close","timestamp":"2025-07-10 17:28:42:2842"}
{"level":"info","message":"New database client connected","timestamp":"2025-07-10 17:32:35:3235"}
{"level":"info","message":"Middleware setup completed","timestamp":"2025-07-10 18:14:13:1413"}
{"level":"info","message":"Routes setup completed","timestamp":"2025-07-10 18:14:13:1413"}
{"level":"info","message":"Socket.IO setup completed","timestamp":"2025-07-10 18:14:13:1413"}
{"level":"info","message":"Error handling setup completed","timestamp":"2025-07-10 18:14:13:1413"}
{"level":"info","message":"New database client connected","timestamp":"2025-07-10 18:14:13:1413"}
{"level":"info","message":"Database connected successfully","timestamp":"2025-07-10 18:14:13:1413"}
{"level":"info","message":"Database connected successfully","timestamp":"2025-07-10 18:14:13:1413"}
{"level":"info","message":"🚀 Server running on port 3001","timestamp":"2025-07-10 18:14:13:1413"}
{"level":"info","message":"🌍 Environment: development","timestamp":"2025-07-10 18:14:13:1413"}
{"level":"info","message":"📡 Socket.IO server ready","timestamp":"2025-07-10 18:14:13:1413"}
{"level":"info","message":"🔒 CORS enabled for: http://localhost:4200","timestamp":"2025-07-10 18:14:13:1413"}
{"level":"info","message":"🗄️  Database: chat_app on localhost:5432","timestamp":"2025-07-10 18:14:13:1413"}
{"level":"info","message":"📊 DB Connections: 1 total, 1 idle","timestamp":"2025-07-10 18:14:13:1413"}
{"level":"info","message":"New database client connected","timestamp":"2025-07-10 18:15:02:152"}
{"level":"info","message":"User logged in successfully: demo2@yopmail.com","timestamp":"2025-07-10 18:15:14:1514"}
{"level":"info","message":"Socket authenticated for user: demo2@yopmail.com","timestamp":"2025-07-10 18:15:14:1514"}
{"level":"info","message":"User connected: 3wZv7W0iq0QHgrCkAAAB","timestamp":"2025-07-10 18:15:14:1514"}
{"level":"info","message":"New database client connected","timestamp":"2025-07-10 18:15:58:1558"}
{"level":"info","message":"User registered successfully: sushanta@gmail.com","timestamp":"2025-07-10 18:15:59:1559"}
{"level":"info","message":"Socket authenticated for user: sushanta@gmail.com","timestamp":"2025-07-10 18:15:59:1559"}
{"level":"info","message":"User connected: Q9180QufnH5r3_BhAAAD","timestamp":"2025-07-10 18:15:59:1559"}
{"level":"info","message":"User disconnected: Q9180QufnH5r3_BhAAAD - Reason: transport close","timestamp":"2025-07-10 18:16:03:163"}
{"level":"info","message":"Socket authenticated for user: sushanta@gmail.com","timestamp":"2025-07-10 18:16:03:163"}
{"level":"info","message":"User connected: _ENeZSCG3pKhF8swAAAF","timestamp":"2025-07-10 18:16:03:163"}
{"level":"info","message":"User disconnected: 3wZv7W0iq0QHgrCkAAAB - Reason: transport close","timestamp":"2025-07-10 18:16:05:165"}
{"level":"info","message":"Socket authenticated for user: demo2@yopmail.com","timestamp":"2025-07-10 18:16:06:166"}
{"level":"info","message":"User connected: jHxb4n6yhNsX75llAAAH","timestamp":"2025-07-10 18:16:06:166"}
{"level":"info","message":"User disconnected: _ENeZSCG3pKhF8swAAAF - Reason: transport close","timestamp":"2025-07-10 18:17:59:1759"}
{"level":"info","message":"Socket authenticated for user: sushanta@gmail.com","timestamp":"2025-07-10 18:17:59:1759"}
{"level":"info","message":"User connected: pDD2H0PxOIIcx1cyAAAJ","timestamp":"2025-07-10 18:17:59:1759"}
{"level":"info","message":"User disconnected: pDD2H0PxOIIcx1cyAAAJ - Reason: client namespace disconnect","timestamp":"2025-07-10 18:18:06:186"}
{"level":"info","message":"Socket authenticated for user: sushanta@gmail.com","timestamp":"2025-07-10 18:18:06:186"}
{"level":"info","message":"User connected: yFhVJ0haeURhChzcAAAL","timestamp":"2025-07-10 18:18:06:186"}
{"level":"info","message":"User disconnected: jHxb4n6yhNsX75llAAAH - Reason: transport close","timestamp":"2025-07-10 18:19:42:1942"}
{"level":"info","message":"Socket authenticated for user: demo2@yopmail.com","timestamp":"2025-07-10 18:19:42:1942"}
{"level":"info","message":"User connected: iZ1g4fa0KGmd5CRqAAAN","timestamp":"2025-07-10 18:19:42:1942"}
{"level":"info","message":"SIGINT received, shutting down gracefully","timestamp":"2025-07-10 18:21:00:210"}
{"level":"info","message":"Middleware setup completed","timestamp":"2025-07-10 18:31:48:3148"}
{"level":"info","message":"Routes setup completed","timestamp":"2025-07-10 18:31:49:3149"}
{"level":"info","message":"Socket.IO setup completed","timestamp":"2025-07-10 18:31:49:3149"}
{"level":"info","message":"Error handling setup completed","timestamp":"2025-07-10 18:31:49:3149"}
{"level":"info","message":"New database client connected","timestamp":"2025-07-10 18:31:49:3149"}
{"level":"info","message":"Database connected successfully","timestamp":"2025-07-10 18:31:49:3149"}
{"level":"info","message":"Database connected successfully","timestamp":"2025-07-10 18:31:49:3149"}
{"level":"info","message":"🚀 Server running on port 3001","timestamp":"2025-07-10 18:31:49:3149"}
{"level":"info","message":"🌍 Environment: development","timestamp":"2025-07-10 18:31:49:3149"}
{"level":"info","message":"📡 Socket.IO server ready","timestamp":"2025-07-10 18:31:49:3149"}
{"level":"info","message":"🔒 CORS enabled for: http://localhost:4200","timestamp":"2025-07-10 18:31:49:3149"}
{"level":"info","message":"🗄️  Database: chat_app on localhost:5432","timestamp":"2025-07-10 18:31:49:3149"}
{"level":"info","message":"📊 DB Connections: 1 total, 1 idle","timestamp":"2025-07-10 18:31:49:3149"}
{"level":"info","message":"Socket authenticated for user: sushanta@gmail.com","timestamp":"2025-07-10 18:31:51:3151"}
{"level":"info","message":"User connected: X3FT09R3CEfxTFIUAAAB","timestamp":"2025-07-10 18:31:51:3151"}
{"level":"info","message":"Socket authenticated for user: demo2@yopmail.com","timestamp":"2025-07-10 18:31:53:3153"}
{"level":"info","message":"User connected: 5jdNSY82EsBbHjtlAAAD","timestamp":"2025-07-10 18:31:53:3153"}
{"level":"info","message":"User disconnected: 5jdNSY82EsBbHjtlAAAD - Reason: transport close","timestamp":"2025-07-10 18:32:15:3215"}
{"level":"info","message":"Socket authenticated for user: demo2@yopmail.com","timestamp":"2025-07-10 18:32:16:3216"}
{"level":"info","message":"User connected: lHN94vpS5gvH2Ep-AAAF","timestamp":"2025-07-10 18:32:16:3216"}
{"level":"info","message":"User disconnected: lHN94vpS5gvH2Ep-AAAF - Reason: transport close","timestamp":"2025-07-10 18:32:21:3221"}
{"level":"info","message":"Socket authenticated for user: demo2@yopmail.com","timestamp":"2025-07-10 18:32:21:3221"}
{"level":"info","message":"User connected: RmCmtfJjmuTryIzjAAAH","timestamp":"2025-07-10 18:32:21:3221"}
{"level":"info","message":"User disconnected: X3FT09R3CEfxTFIUAAAB - Reason: transport close","timestamp":"2025-07-10 18:35:56:3556"}
{"level":"info","message":"Socket authenticated for user: sushanta@gmail.com","timestamp":"2025-07-10 18:35:56:3556"}
{"level":"info","message":"User connected: WwfyR8OB2P0OWks4AAAJ","timestamp":"2025-07-10 18:35:56:3556"}
{"level":"info","message":"User disconnected: WwfyR8OB2P0OWks4AAAJ - Reason: transport close","timestamp":"2025-07-10 18:37:48:3748"}
{"level":"info","message":"Socket authenticated for user: sushanta@gmail.com","timestamp":"2025-07-10 18:37:48:3748"}
{"level":"info","message":"User connected: RKhnDfJ-sURLJFUSAAAL","timestamp":"2025-07-10 18:37:48:3748"}
{"level":"info","message":"User disconnected: RmCmtfJjmuTryIzjAAAH - Reason: transport close","timestamp":"2025-07-10 18:37:49:3749"}
{"level":"info","message":"Socket authenticated for user: demo2@yopmail.com","timestamp":"2025-07-10 18:37:51:3751"}
{"level":"info","message":"User connected: CQGOWmOu8H0kDyNDAAAN","timestamp":"2025-07-10 18:37:51:3751"}
{"level":"info","message":"SIGTERM received, shutting down gracefully","timestamp":"2025-07-10 18:37:59:3759"}
{"level":"info","message":"Middleware setup completed","timestamp":"2025-07-10 18:38:21:3821"}
{"level":"info","message":"Routes setup completed","timestamp":"2025-07-10 18:38:22:3822"}
{"level":"info","message":"Socket.IO setup completed","timestamp":"2025-07-10 18:38:22:3822"}
{"level":"info","message":"Error handling setup completed","timestamp":"2025-07-10 18:38:22:3822"}
{"level":"info","message":"New database client connected","timestamp":"2025-07-10 18:38:22:3822"}
{"level":"info","message":"Database connected successfully","timestamp":"2025-07-10 18:38:22:3822"}
{"level":"info","message":"Database connected successfully","timestamp":"2025-07-10 18:38:22:3822"}
{"level":"info","message":"🚀 Server running on port 3001","timestamp":"2025-07-10 18:38:22:3822"}
{"level":"info","message":"🌍 Environment: development","timestamp":"2025-07-10 18:38:22:3822"}
{"level":"info","message":"📡 Socket.IO server ready","timestamp":"2025-07-10 18:38:22:3822"}
{"level":"info","message":"🔒 CORS enabled for: http://localhost:4200","timestamp":"2025-07-10 18:38:22:3822"}
{"level":"info","message":"🗄️  Database: chat_app on localhost:5432","timestamp":"2025-07-10 18:38:22:3822"}
{"level":"info","message":"📊 DB Connections: 1 total, 1 idle","timestamp":"2025-07-10 18:38:22:3822"}
{"level":"info","message":"Socket authenticated for user: demo2@yopmail.com","timestamp":"2025-07-10 18:38:25:3825"}
{"level":"info","message":"User connected: sDbM-d0CEVHjYrNAAAAB","timestamp":"2025-07-10 18:38:25:3825"}
{"level":"info","message":"Socket authenticated for user: sushanta@gmail.com","timestamp":"2025-07-10 18:38:26:3826"}
{"level":"info","message":"User connected: TlTuCKa9c53NpPs0AAAD","timestamp":"2025-07-10 18:38:26:3826"}
{"level":"info","message":"User disconnected: TlTuCKa9c53NpPs0AAAD - Reason: client namespace disconnect","timestamp":"2025-07-10 18:38:55:3855"}
{"level":"info","message":"Socket authenticated for user: sushanta@gmail.com","timestamp":"2025-07-10 18:38:55:3855"}
{"level":"info","message":"User connected: CXaF23dntKS_W5ziAAAF","timestamp":"2025-07-10 18:38:55:3855"}
{"level":"info","message":"User disconnected: CXaF23dntKS_W5ziAAAF - Reason: transport close","timestamp":"2025-07-10 18:39:42:3942"}
{"level":"info","message":"Socket authenticated for user: sushanta@gmail.com","timestamp":"2025-07-10 18:39:42:3942"}
{"level":"info","message":"User connected: f-SeSmzavQITb3zrAAAH","timestamp":"2025-07-10 18:39:42:3942"}
{"level":"info","message":"User disconnected: f-SeSmzavQITb3zrAAAH - Reason: client namespace disconnect","timestamp":"2025-07-10 18:39:53:3953"}
{"level":"info","message":"Socket authenticated for user: sushanta@gmail.com","timestamp":"2025-07-10 18:39:53:3953"}
{"level":"info","message":"User connected: wVrlGNSGo3LqQrV0AAAJ","timestamp":"2025-07-10 18:39:53:3953"}
{"level":"info","message":"User disconnected: wVrlGNSGo3LqQrV0AAAJ - Reason: transport close","timestamp":"2025-07-10 18:39:55:3955"}
{"level":"info","message":"Socket authenticated for user: sushanta@gmail.com","timestamp":"2025-07-10 18:39:56:3956"}
{"level":"info","message":"User connected: zv3BV42g1CW2BRjmAAAL","timestamp":"2025-07-10 18:39:56:3956"}
{"level":"info","message":"SIGTERM received, shutting down gracefully","timestamp":"2025-07-10 18:41:42:4142"}
{"level":"info","message":"Middleware setup completed","timestamp":"2025-07-10 18:42:01:421"}
{"level":"info","message":"Routes setup completed","timestamp":"2025-07-10 18:42:01:421"}
{"level":"info","message":"Socket.IO setup completed","timestamp":"2025-07-10 18:42:01:421"}
{"level":"info","message":"Error handling setup completed","timestamp":"2025-07-10 18:42:01:421"}
{"level":"info","message":"New database client connected","timestamp":"2025-07-10 18:42:01:421"}
{"level":"info","message":"Database connected successfully","timestamp":"2025-07-10 18:42:01:421"}
{"level":"info","message":"Database connected successfully","timestamp":"2025-07-10 18:42:01:421"}
{"level":"info","message":"🚀 Server running on port 3001","timestamp":"2025-07-10 18:42:01:421"}
{"level":"info","message":"🌍 Environment: development","timestamp":"2025-07-10 18:42:01:421"}
{"level":"info","message":"📡 Socket.IO server ready","timestamp":"2025-07-10 18:42:01:421"}
{"level":"info","message":"🔒 CORS enabled for: http://localhost:4200","timestamp":"2025-07-10 18:42:01:421"}
{"level":"info","message":"🗄️  Database: chat_app on localhost:5432","timestamp":"2025-07-10 18:42:01:421"}
{"level":"info","message":"📊 DB Connections: 1 total, 1 idle","timestamp":"2025-07-10 18:42:01:421"}
{"level":"info","message":"Socket authenticated for user: sushanta@gmail.com","timestamp":"2025-07-10 18:42:02:422"}
{"level":"info","message":"User connected: 8WrqScWehmm1jKgbAAAB","timestamp":"2025-07-10 18:42:02:422"}
{"level":"info","message":"Socket authenticated for user: demo2@yopmail.com","timestamp":"2025-07-10 18:42:03:423"}
{"level":"info","message":"User connected: -xdpWXZgcEsPGQuEAAAD","timestamp":"2025-07-10 18:42:03:423"}
{"level":"info","message":"User disconnected: 8WrqScWehmm1jKgbAAAB - Reason: transport close","timestamp":"2025-07-10 18:43:09:439"}
{"level":"info","message":"Socket authenticated for user: sushanta@gmail.com","timestamp":"2025-07-10 18:43:10:4310"}
{"level":"info","message":"User connected: lBrsf-2mghzRSv19AAAF","timestamp":"2025-07-10 18:43:10:4310"}
{"level":"info","message":"User disconnected: lBrsf-2mghzRSv19AAAF - Reason: client namespace disconnect","timestamp":"2025-07-10 18:43:12:4312"}
{"level":"info","message":"Socket authenticated for user: sushanta@gmail.com","timestamp":"2025-07-10 18:43:12:4312"}
{"level":"info","message":"User connected: nwMaSw8_A7uccF1QAAAH","timestamp":"2025-07-10 18:43:12:4312"}
{"level":"info","message":"User disconnected: nwMaSw8_A7uccF1QAAAH - Reason: transport close","timestamp":"2025-07-10 18:43:13:4313"}
{"level":"info","message":"Socket authenticated for user: sushanta@gmail.com","timestamp":"2025-07-10 18:43:13:4313"}
{"level":"info","message":"User connected: JJdMTvG3IM-KbwrQAAAJ","timestamp":"2025-07-10 18:43:13:4313"}
{"level":"info","message":"User disconnected: -xdpWXZgcEsPGQuEAAAD - Reason: transport close","timestamp":"2025-07-10 18:53:19:5319"}
{"level":"info","message":"Socket authenticated for user: demo2@yopmail.com","timestamp":"2025-07-10 18:53:20:5320"}
{"level":"info","message":"User connected: HFJn4whLKLCNnsfgAAAL","timestamp":"2025-07-10 18:53:20:5320"}
{"level":"info","message":"User disconnected: HFJn4whLKLCNnsfgAAAL - Reason: transport close","timestamp":"2025-07-10 18:57:03:573"}
{"level":"info","message":"User disconnected: JJdMTvG3IM-KbwrQAAAJ - Reason: transport close","timestamp":"2025-07-10 18:57:03:573"}
{"level":"info","message":"Socket authenticated for user: sushanta@gmail.com","timestamp":"2025-07-10 18:57:05:575"}
{"level":"info","message":"User connected: M4coatEVpLoutTaQAAAN","timestamp":"2025-07-10 18:57:05:575"}
{"level":"info","message":"Socket authenticated for user: demo2@yopmail.com","timestamp":"2025-07-10 18:57:06:576"}
{"level":"info","message":"User connected: -Eh898B6uh721oKAAAAP","timestamp":"2025-07-10 18:57:06:576"}
{"level":"info","message":"User disconnected: M4coatEVpLoutTaQAAAN - Reason: transport close","timestamp":"2025-07-10 18:58:05:585"}
{"level":"info","message":"User disconnected: -Eh898B6uh721oKAAAAP - Reason: transport close","timestamp":"2025-07-10 18:58:05:585"}
{"level":"info","message":"Socket authenticated for user: demo2@yopmail.com","timestamp":"2025-07-10 18:58:06:586"}
{"level":"info","message":"User connected: jrXPpfDpytgdffSPAAAR","timestamp":"2025-07-10 18:58:06:586"}
{"level":"info","message":"Socket authenticated for user: sushanta@gmail.com","timestamp":"2025-07-10 18:58:06:586"}
{"level":"info","message":"User connected: UEqrPpRwQrO7LSWmAAAT","timestamp":"2025-07-10 18:58:06:586"}
{"level":"info","message":"User disconnected: UEqrPpRwQrO7LSWmAAAT - Reason: transport close","timestamp":"2025-07-10 19:03:29:329"}
{"level":"info","message":"User disconnected: jrXPpfDpytgdffSPAAAR - Reason: transport close","timestamp":"2025-07-10 19:03:29:329"}
{"level":"info","message":"Socket authenticated for user: demo2@yopmail.com","timestamp":"2025-07-10 19:03:31:331"}
{"level":"info","message":"User connected: wKGr3ct7vwukt4RaAAAV","timestamp":"2025-07-10 19:03:31:331"}
{"level":"info","message":"Socket authenticated for user: sushanta@gmail.com","timestamp":"2025-07-10 19:03:31:331"}
{"level":"info","message":"User connected: X2Tu1sZN0jwzakUnAAAX","timestamp":"2025-07-10 19:03:31:331"}
{"level":"info","message":"User disconnected: wKGr3ct7vwukt4RaAAAV - Reason: transport close","timestamp":"2025-07-10 19:04:01:41"}
{"level":"info","message":"Socket authenticated for user: demo2@yopmail.com","timestamp":"2025-07-10 19:04:01:41"}
{"level":"info","message":"User connected: _IzeXtauz2wyt62SAAAZ","timestamp":"2025-07-10 19:04:01:41"}
{"level":"info","message":"New database client connected","timestamp":"2025-07-10 19:08:36:836"}
